2025-09-17 10:58:13,535 - INFO - TRAIN phase
2025-09-17 10:58:15,040 - INFO - Epoch 0 - TRAIN - Batch 0 - Loss = 0.764 | AUROC = 0.282
2025-09-17 10:58:20,988 - INFO - Epoch 0 - TRAIN - Batch 10 - Loss = 0.331 | AUROC = 0.539
2025-09-17 10:58:27,132 - INFO - Epoch 0 - TRAIN - Batch 20 - Loss = 0.243 | AUROC = 0.589
2025-09-17 10:58:32,980 - INFO - Epoch 0 - TRAIN - Batch 30 - Loss = 0.248 | AUROC = 0.762
2025-09-17 10:58:38,798 - INFO - Epoch 0 - TRAIN - Batch 40 - Loss = 0.3 | AUROC = 0.518
2025-09-17 10:58:44,259 - INFO - Epoch 0 - TRAIN - Batch 50 - Loss = 0.233 | AUROC = 0.576
2025-09-17 10:58:49,869 - INFO - Epoch 0 - TRAIN - Batch 60 - Loss = 0.332 | AUROC = 0.604
2025-09-17 10:58:55,381 - INFO - Epoch 0 - TRAIN - Batch 70 - Loss = 0.308 | AUROC = 0.57
2025-09-17 10:59:00,281 - INFO - Epoch 0 - TRAIN - Batch 80 - Loss = 0.329 | AUROC = 0.473
2025-09-17 10:59:05,844 - INFO - Epoch 0 - TRAIN - Batch 90 - Loss = 0.373 | AUROC = 0.577
2025-09-17 10:59:11,472 - INFO - Epoch 0 - TRAIN - Batch 100 - Loss = 0.311 | AUROC = 0.611
2025-09-17 10:59:17,368 - INFO - Epoch 0 - TRAIN - Batch 110 - Loss = 0.347 | AUROC = 0.61
2025-09-17 10:59:23,064 - INFO - Epoch 0 - TRAIN - Batch 120 - Loss = 0.261 | AUROC = 0.701
2025-09-17 10:59:29,171 - INFO - Epoch 0 - TRAIN - Batch 130 - Loss = 0.255 | AUROC = 0.595
2025-09-17 10:59:34,828 - INFO - Epoch 0 - TRAIN - Batch 140 - Loss = 0.265 | AUROC = 0.513
2025-09-17 10:59:40,282 - INFO - Epoch 0 - TRAIN - Batch 150 - Loss = 0.302 | AUROC = 0.465
2025-09-17 10:59:46,379 - INFO - Epoch 0 - TRAIN - Batch 160 - Loss = 0.227 | AUROC = 0.543
2025-09-17 10:59:52,027 - INFO - Epoch 0 - TRAIN - Batch 170 - Loss = 0.323 | AUROC = 0.544
2025-09-17 10:59:57,442 - INFO - Epoch 0 - TRAIN - Batch 180 - Loss = 0.389 | AUROC = 0.516
2025-09-17 11:00:02,997 - INFO - Epoch 0 - TRAIN - Batch 190 - Loss = 0.251 | AUROC = 0.505
2025-09-17 11:00:07,804 - INFO - Epoch 0 - TRAIN - Batch 200 - Loss = 0.354 | AUROC = 0.754
2025-09-17 11:00:13,708 - INFO - Epoch 0 - TRAIN - Batch 210 - Loss = 0.286 | AUROC = 0.673
2025-09-17 11:00:19,582 - INFO - Epoch 0 - TRAIN - Batch 220 - Loss = 0.317 | AUROC = 0.568
2025-09-17 11:00:24,386 - INFO - Epoch 0 - TRAIN - Batch 230 - Loss = 0.288 | AUROC = 0.714
2025-09-17 11:00:29,400 - INFO - Epoch 0 - TRAIN - Batch 240 - Loss = 0.245 | AUROC = 0.467
2025-09-17 11:00:34,911 - INFO - Epoch 0 - TRAIN - Batch 250 - Loss = 0.381 | AUROC = 0.624
2025-09-17 11:00:40,460 - INFO - Epoch 0 - TRAIN - Batch 260 - Loss = 0.318 | AUROC = 0.527
2025-09-17 11:00:46,122 - INFO - Epoch 0 - TRAIN - Batch 270 - Loss = 0.247 | AUROC = 0.726
2025-09-17 11:00:51,977 - INFO - Epoch 0 - TRAIN - Batch 280 - Loss = 0.331 | AUROC = 0.618
2025-09-17 11:00:57,440 - INFO - Epoch 0 - TRAIN - Batch 290 - Loss = 0.341 | AUROC = 0.639
2025-09-17 11:01:03,104 - INFO - Epoch 0 - TRAIN - Batch 300 - Loss = 0.325 | AUROC = 0.465
2025-09-17 11:01:07,930 - INFO - Epoch 0 - TRAIN - Batch 310 - Loss = 0.278 | AUROC = 0.523
2025-09-17 11:01:13,458 - INFO - Epoch 0 - TRAIN - Batch 320 - Loss = 0.286 | AUROC = 0.615
2025-09-17 11:01:19,271 - INFO - Epoch 0 - TRAIN - Batch 330 - Loss = 0.266 | AUROC = 0.598
2025-09-17 11:01:24,601 - INFO - Epoch 0 - TRAIN - Batch 340 - Loss = 0.274 | AUROC = 0.44
2025-09-17 11:01:30,152 - INFO - Epoch 0 - TRAIN - Batch 350 - Loss = 0.389 | AUROC = 0.601
2025-09-17 11:01:35,814 - INFO - Epoch 0 - TRAIN - Batch 360 - Loss = 0.266 | AUROC = 0.634
2025-09-17 11:01:40,611 - INFO - Epoch 0 - TRAIN - Batch 370 - Loss = 0.294 | AUROC = 0.597
2025-09-17 11:01:45,431 - INFO - Epoch 0 - TRAIN - Batch 380 - Loss = 0.254 | AUROC = 0.414
2025-09-17 11:01:50,401 - INFO - Epoch 0 - TRAIN - Batch 390 - Loss = 0.317 | AUROC = 0.48
2025-09-17 11:01:56,106 - INFO - Epoch 0 - TRAIN - Batch 400 - Loss = 0.352 | AUROC = 0.654
2025-09-17 11:02:01,755 - INFO - Epoch 0 - TRAIN - Batch 410 - Loss = 0.357 | AUROC = 0.438
2025-09-17 11:02:07,000 - INFO - Epoch 0 - TRAIN - Batch 420 - Loss = 0.224 | AUROC = 0.585
2025-09-17 11:02:12,776 - INFO - Epoch 0 - TRAIN - Batch 430 - Loss = 0.359 | AUROC = 0.555
2025-09-17 11:02:18,118 - INFO - Epoch 0 - TRAIN - Batch 440 - Loss = 0.287 | AUROC = 0.408
2025-09-17 11:02:23,338 - INFO - Epoch 0 - TRAIN - Batch 450 - Loss = 0.321 | AUROC = 0.69
2025-09-17 11:02:28,120 - INFO - Epoch 0 - TRAIN - Batch 460 - Loss = 0.416 | AUROC = 0.462
2025-09-17 11:02:33,248 - INFO - Epoch 0 - TRAIN - Batch 470 - Loss = 0.362 | AUROC = 0.636
2025-09-17 11:02:38,404 - INFO - Epoch 0 - TRAIN - Batch 480 - Loss = 0.341 | AUROC = 0.623
2025-09-17 11:02:43,789 - INFO - Epoch 0 - TRAIN - Batch 490 - Loss = 0.304 | AUROC = 0.571
2025-09-17 11:02:48,787 - INFO - Epoch 0 - TRAIN - Batch 500 - Loss = 0.267 | AUROC = 0.919
2025-09-17 11:02:54,358 - INFO - Epoch 0 - TRAIN - Batch 510 - Loss = 0.205 | AUROC = 0.457
2025-09-17 11:02:59,694 - INFO - Epoch 0 - TRAIN - Batch 520 - Loss = 0.372 | AUROC = 0.468
2025-09-17 11:03:04,761 - INFO - Epoch 0 - TRAIN - Batch 530 - Loss = 0.352 | AUROC = 0.28
2025-09-17 11:03:10,346 - INFO - Epoch 0 - TRAIN - Batch 540 - Loss = 0.348 | AUROC = 0.768
2025-09-17 11:03:16,234 - INFO - Epoch 0 - TRAIN - Batch 550 - Loss = 0.384 | AUROC = 0.517
2025-09-17 11:03:21,546 - INFO - Epoch 0 - TRAIN - Batch 560 - Loss = 0.25 | AUROC = 0.655
2025-09-17 11:03:27,052 - INFO - Epoch 0 - TRAIN - Batch 570 - Loss = 0.294 | AUROC = 0.427
2025-09-17 11:03:31,925 - INFO - Epoch 0 - TRAIN - Batch 580 - Loss = 0.306 | AUROC = 0.484
2025-09-17 11:03:36,685 - INFO - Epoch 0 - TRAIN - Batch 590 - Loss = 0.334 | AUROC = 0.444
2025-09-17 11:03:42,150 - INFO - Epoch 0 - TRAIN - Batch 600 - Loss = 0.376 | AUROC = 0.629
2025-09-17 11:03:47,895 - INFO - Epoch 0 - TRAIN - Batch 610 - Loss = 0.308 | AUROC = 0.57
2025-09-17 11:03:53,676 - INFO - Epoch 0 - TRAIN - Batch 620 - Loss = 0.292 | AUROC = 0.448
2025-09-17 11:03:58,784 - INFO - Epoch 0 - TRAIN - Batch 630 - Loss = 0.266 | AUROC = 0.72
2025-09-17 11:04:04,562 - INFO - Epoch 0 - TRAIN - Batch 640 - Loss = 0.241 | AUROC = 0.646
2025-09-17 11:04:09,960 - INFO - Epoch 0 - TRAIN - Batch 650 - Loss = 0.34 | AUROC = 0.504
2025-09-17 11:04:15,084 - INFO - Epoch 0 - TRAIN - Batch 660 - Loss = 0.291 | AUROC = 0.399
2025-09-17 11:04:20,514 - INFO - Epoch 0 - TRAIN - Batch 670 - Loss = 0.279 | AUROC = 0.602
2025-09-17 11:04:25,454 - INFO - Epoch 0 - TRAIN - Batch 680 - Loss = 0.231 | AUROC = 0.48
2025-09-17 11:04:30,963 - INFO - Epoch 0 - TRAIN - Batch 690 - Loss = 0.248 | AUROC = 0.597
2025-09-17 11:04:35,875 - INFO - Epoch 0 - TRAIN - Batch 700 - Loss = 0.23 | AUROC = 0.549
2025-09-17 11:04:41,716 - INFO - Epoch 0 - TRAIN - Batch 710 - Loss = 0.325 | AUROC = 0.313
2025-09-17 11:04:46,522 - INFO - Epoch 0 - TRAIN - Batch 720 - Loss = 0.285 | AUROC = 0.468
2025-09-17 11:04:52,089 - INFO - Epoch 0 - TRAIN - Batch 730 - Loss = 0.29 | AUROC = 0.653
2025-09-17 11:04:57,507 - INFO - Epoch 0 - TRAIN - Batch 740 - Loss = 0.352 | AUROC = 0.65
2025-09-17 11:05:02,389 - INFO - Epoch 0 - TRAIN - Batch 750 - Loss = 0.33 | AUROC = 0.639
2025-09-17 11:05:07,603 - INFO - Epoch 0 - TRAIN - Batch 760 - Loss = 0.306 | AUROC = 0.647
2025-09-17 11:05:13,455 - INFO - Epoch 0 - TRAIN - Batch 770 - Loss = 0.211 | AUROC = 0.519
2025-09-17 11:05:18,548 - INFO - Epoch 0 - TRAIN - Batch 780 - Loss = 0.318 | AUROC = 0.476
2025-09-17 11:05:24,119 - INFO - Epoch 0 - TRAIN - Batch 790 - Loss = 0.262 | AUROC = 0.613
2025-09-17 11:05:29,433 - INFO - Epoch 0 - TRAIN - Batch 800 - Loss = 0.303 | AUROC = 0.474
2025-09-17 11:05:34,224 - INFO - Epoch 0 - TRAIN - Batch 810 - Loss = 0.351 | AUROC = 0.501
2025-09-17 11:05:39,008 - INFO - Epoch 0 - TRAIN - Batch 820 - Loss = 0.268 | AUROC = 0.665
2025-09-17 11:05:44,626 - INFO - Epoch 0 - TRAIN - Batch 830 - Loss = 0.322 | AUROC = 0.44
2025-09-17 11:05:50,074 - INFO - Epoch 0 - TRAIN - Batch 840 - Loss = 0.486 | AUROC = 0.515
2025-09-17 11:05:55,611 - INFO - Epoch 0 - TRAIN - Batch 850 - Loss = 0.271 | AUROC = 0.668
2025-09-17 11:06:00,466 - INFO - Epoch 0 - TRAIN - Batch 860 - Loss = 0.32 | AUROC = 0.663
2025-09-17 11:06:05,330 - INFO - Epoch 0 - TRAIN - Batch 870 - Loss = 0.265 | AUROC = 0.753
2025-09-17 11:06:11,206 - INFO - Epoch 0 - TRAIN - Batch 880 - Loss = 0.406 | AUROC = 0.737
2025-09-17 11:06:16,943 - INFO - Epoch 0 - TRAIN - Batch 890 - Loss = 0.407 | AUROC = 0.64
2025-09-17 11:06:22,120 - INFO - Epoch 0 - TRAIN - Batch 900 - Loss = 0.353 | AUROC = 0.475
2025-09-17 11:06:27,627 - INFO - Epoch 0 - TRAIN - Batch 910 - Loss = 0.343 | AUROC = 0.756
2025-09-17 11:06:33,041 - INFO - Epoch 0 - TRAIN - Batch 920 - Loss = 0.34 | AUROC = 0.46
2025-09-17 11:06:38,544 - INFO - Epoch 0 - TRAIN - Batch 930 - Loss = 0.212 | AUROC = 0.542
2025-09-17 11:06:43,342 - INFO - Epoch 0 - TRAIN - Batch 940 - Loss = 0.256 | AUROC = 0.624
2025-09-17 11:06:48,129 - INFO - Epoch 0 - TRAIN - Batch 950 - Loss = 0.325 | AUROC = 0.404
2025-09-17 11:06:52,911 - INFO - Epoch 0 - TRAIN - Batch 960 - Loss = 0.275 | AUROC = 0.484
2025-09-17 11:06:58,219 - INFO - Epoch 0 - TRAIN - Batch 970 - Loss = 0.26 | AUROC = 0.53
2025-09-17 11:07:03,556 - INFO - Epoch 0 - TRAIN - Batch 980 - Loss = 0.309 | AUROC = 0.574
2025-09-17 11:07:08,539 - INFO - Epoch 0 - TRAIN - Batch 990 - Loss = 0.234 | AUROC = 0.647
2025-09-17 11:07:13,916 - INFO - Epoch 0 - TRAIN - Batch 1000 - Loss = 0.269 | AUROC = 0.368
2025-09-17 11:07:18,651 - INFO - Epoch 0 - TRAIN - Batch 1010 - Loss = 0.285 | AUROC = 0.588
2025-09-17 11:07:23,431 - INFO - Epoch 0 - TRAIN - Batch 1020 - Loss = 0.278 | AUROC = 0.831
2025-09-17 11:07:28,233 - INFO - Epoch 0 - TRAIN - Batch 1030 - Loss = 0.299 | AUROC = 0.528
2025-09-17 11:07:33,752 - INFO - Epoch 0 - TRAIN - Batch 1040 - Loss = 0.305 | AUROC = 0.618
2025-09-17 11:07:38,757 - INFO - Epoch 0 - TRAIN - Batch 1050 - Loss = 0.298 | AUROC = 0.623
2025-09-17 11:07:43,994 - INFO - Epoch 0 - TRAIN - Batch 1060 - Loss = 0.331 | AUROC = 0.46
2025-09-17 11:07:48,777 - INFO - Epoch 0 - TRAIN - Batch 1070 - Loss = 0.276 | AUROC = 0.549
2025-09-17 11:07:54,287 - INFO - Epoch 0 - TRAIN - Batch 1080 - Loss = 0.33 | AUROC = 0.555
2025-09-17 11:07:59,765 - INFO - Epoch 0 - TRAIN - Batch 1090 - Loss = 0.283 | AUROC = 0.39
2025-09-17 11:08:04,563 - INFO - Epoch 0 - TRAIN - Batch 1100 - Loss = 0.337 | AUROC = 0.322
2025-09-17 11:08:10,096 - INFO - Epoch 0 - TRAIN - Batch 1110 - Loss = 0.346 | AUROC = 0.428
2025-09-17 11:08:14,862 - INFO - Epoch 0 - TRAIN - Batch 1120 - Loss = 0.318 | AUROC = 0.472
2025-09-17 11:08:19,758 - INFO - Epoch 0 - TRAIN - Batch 1130 - Loss = 0.286 | AUROC = 0.57
2025-09-17 11:08:25,151 - INFO - Epoch 0 - TRAIN - Batch 1140 - Loss = 0.341 | AUROC = 0.472
2025-09-17 11:08:29,905 - INFO - Epoch 0 - TRAIN - Batch 1150 - Loss = 0.302 | AUROC = 0.755
2025-09-17 11:08:35,125 - INFO - Epoch 0 - TRAIN - Batch 1160 - Loss = 0.243 | AUROC = 0.604
2025-09-17 11:08:40,245 - INFO - Epoch 0 - TRAIN - Batch 1170 - Loss = 0.321 | AUROC = 0.617
2025-09-17 11:08:45,045 - INFO - Epoch 0 - TRAIN - Batch 1180 - Loss = 0.358 | AUROC = 0.639
2025-09-17 11:08:50,594 - INFO - Epoch 0 - TRAIN - Batch 1190 - Loss = 0.275 | AUROC = 0.342
2025-09-17 11:08:56,124 - INFO - Epoch 0 - TRAIN - Batch 1200 - Loss = 0.352 | AUROC = 0.427
2025-09-17 11:09:01,649 - INFO - Epoch 0 - TRAIN - Batch 1210 - Loss = 0.273 | AUROC = 0.31
2025-09-17 11:09:07,214 - INFO - Epoch 0 - TRAIN - Batch 1220 - Loss = 0.314 | AUROC = 0.551
2025-09-17 11:09:12,341 - INFO - Epoch 0 - TRAIN - Batch 1230 - Loss = 0.344 | AUROC = 0.607
2025-09-17 11:09:17,982 - INFO - Epoch 0 - TRAIN - Batch 1240 - Loss = 0.325 | AUROC = 0.589
2025-09-17 11:09:23,582 - INFO - Epoch 0 - TRAIN - Batch 1250 - Loss = 0.328 | AUROC = 0.613
2025-09-17 11:09:29,019 - INFO - Epoch 0 - TRAIN - Batch 1260 - Loss = 0.277 | AUROC = 0.594
2025-09-17 11:09:34,784 - INFO - Epoch 0 - TRAIN - Batch 1270 - Loss = 0.28 | AUROC = 0.711
2025-09-17 11:09:40,709 - INFO - Epoch 0 - TRAIN - Batch 1280 - Loss = 0.332 | AUROC = 0.551
2025-09-17 11:09:45,944 - INFO - Epoch 0 - TRAIN - Batch 1290 - Loss = 0.297 | AUROC = 0.367
2025-09-17 11:09:51,061 - INFO - Epoch 0 - TRAIN - Batch 1300 - Loss = 0.274 | AUROC = 0.698
2025-09-17 11:09:56,263 - INFO - Epoch 0 - TRAIN - Batch 1310 - Loss = 0.309 | AUROC = 0.373
2025-09-17 11:10:02,161 - INFO - Epoch 0 - TRAIN - Batch 1320 - Loss = 0.276 | AUROC = 0.36
2025-09-17 11:10:07,250 - INFO - Epoch 0 - TRAIN - Batch 1330 - Loss = 0.234 | AUROC = 0.7
2025-09-17 11:10:12,453 - INFO - Epoch 0 - TRAIN - Batch 1340 - Loss = 0.254 | AUROC = 0.576
2025-09-17 11:10:17,686 - INFO - Epoch 0 - TRAIN - Batch 1350 - Loss = 0.324 | AUROC = 0.659
2025-09-17 11:10:22,792 - INFO - Epoch 0 - TRAIN - Batch 1360 - Loss = 0.337 | AUROC = 0.648
2025-09-17 11:10:28,428 - INFO - Epoch 0 - TRAIN - Batch 1370 - Loss = 0.407 | AUROC = 0.462
2025-09-17 11:10:33,448 - INFO - Epoch 0 - TRAIN - Batch 1380 - Loss = 0.324 | AUROC = 0.437
2025-09-17 11:10:38,746 - INFO - Epoch 0 - TRAIN - Batch 1390 - Loss = 0.252 | AUROC = 0.664
2025-09-17 11:10:43,948 - INFO - Epoch 0 - TRAIN - Batch 1400 - Loss = 0.285 | AUROC = 0.413
2025-09-17 11:10:49,505 - INFO - Epoch 0 - TRAIN - Batch 1410 - Loss = 0.248 | AUROC = 0.606
2025-09-17 11:10:54,283 - INFO - Epoch 0 - TRAIN - Batch 1420 - Loss = 0.29 | AUROC = 0.81
2025-09-17 11:10:59,044 - INFO - Epoch 0 - TRAIN - Batch 1430 - Loss = 0.269 | AUROC = 0.612
2025-09-17 11:11:03,815 - INFO - Epoch 0 - TRAIN - Batch 1440 - Loss = 0.329 | AUROC = 0.572
2025-09-17 11:11:08,646 - INFO - Epoch 0 - TRAIN - Batch 1450 - Loss = 0.271 | AUROC = 0.646
2025-09-17 11:11:13,554 - INFO - Epoch 0 - TRAIN - Batch 1460 - Loss = 0.258 | AUROC = 0.567
2025-09-17 11:11:18,868 - INFO - Epoch 0 - TRAIN - Batch 1470 - Loss = 0.274 | AUROC = 0.505
2025-09-17 11:11:24,404 - INFO - Epoch 0 - TRAIN - Batch 1480 - Loss = 0.283 | AUROC = 0.694
2025-09-17 11:11:29,153 - INFO - Epoch 0 - TRAIN - Batch 1490 - Loss = 0.26 | AUROC = 0.683
2025-09-17 11:11:34,422 - INFO - Epoch 0 - TRAIN - Batch 1500 - Loss = 0.347 | AUROC = 0.347
2025-09-17 11:11:39,687 - INFO - Epoch 0 - TRAIN - Batch 1510 - Loss = 0.278 | AUROC = 0.619
2025-09-17 11:11:45,211 - INFO - Epoch 0 - TRAIN - Batch 1520 - Loss = 0.272 | AUROC = 0.585
2025-09-17 11:11:50,015 - INFO - Epoch 0 - TRAIN - Batch 1530 - Loss = 0.338 | AUROC = 0.505
2025-09-17 11:11:55,645 - INFO - Epoch 0 - TRAIN - Batch 1540 - Loss = 0.325 | AUROC = 0.388
2025-09-17 11:12:01,126 - INFO - Epoch 0 - TRAIN - Batch 1550 - Loss = 0.302 | AUROC = 0.702
2025-09-17 11:12:06,586 - INFO - Epoch 0 - TRAIN - Batch 1560 - Loss = 0.303 | AUROC = 0.628
2025-09-17 11:12:11,608 - INFO - Epoch 0 - TRAIN - Batch 1570 - Loss = 0.362 | AUROC = 0.446
2025-09-17 11:12:16,386 - INFO - Epoch 0 - TRAIN - Batch 1580 - Loss = 0.276 | AUROC = 0.601
2025-09-17 11:12:21,593 - INFO - Epoch 0 - TRAIN - Batch 1590 - Loss = 0.36 | AUROC = 0.474
2025-09-17 11:12:26,643 - INFO - Epoch 0 - TRAIN - Batch 1600 - Loss = 0.22 | AUROC = 0.7
2025-09-17 11:12:32,112 - INFO - Epoch 0 - TRAIN - Batch 1610 - Loss = 0.242 | AUROC = 0.43
2025-09-17 11:12:36,888 - INFO - Epoch 0 - TRAIN - Batch 1620 - Loss = 0.283 | AUROC = 0.738
2025-09-17 11:12:41,604 - INFO - Epoch 0 - TRAIN - Batch 1630 - Loss = 0.396 | AUROC = 0.42
2025-09-17 11:12:46,272 - INFO - Epoch 0 - TRAIN - Batch 1640 - Loss = 0.271 | AUROC = 0.504
2025-09-17 11:12:50,924 - INFO - Epoch 0 - TRAIN - Batch 1650 - Loss = 0.294 | AUROC = 0.365
2025-09-17 11:12:56,421 - INFO - Epoch 0 - TRAIN - Batch 1660 - Loss = 0.325 | AUROC = 0.406
2025-09-17 11:13:01,610 - INFO - Epoch 0 - TRAIN - Batch 1670 - Loss = 0.318 | AUROC = 0.491
2025-09-17 11:13:06,651 - INFO - Epoch 0 - TRAIN - Batch 1680 - Loss = 0.31 | AUROC = 0.517
2025-09-17 11:13:11,668 - INFO - Epoch 0 - TRAIN - Batch 1690 - Loss = 0.325 | AUROC = 0.583
2025-09-17 11:13:16,630 - INFO - Epoch 0 - TRAIN - Batch 1700 - Loss = 0.242 | AUROC = 0.373
2025-09-17 11:13:21,702 - INFO - Epoch 0 - TRAIN - Batch 1710 - Loss = 0.299 | AUROC = 0.456
2025-09-17 11:13:26,390 - INFO - Epoch 0 - TRAIN - Batch 1720 - Loss = 0.267 | AUROC = 0.587
2025-09-17 11:13:31,071 - INFO - Epoch 0 - TRAIN - Batch 1730 - Loss = 0.272 | AUROC = 0.439
2025-09-17 11:13:36,428 - INFO - Epoch 0 - TRAIN - Batch 1740 - Loss = 0.289 | AUROC = 0.7
2025-09-17 11:13:41,573 - INFO - Epoch 0 - TRAIN - Batch 1750 - Loss = 0.315 | AUROC = 0.718
2025-09-17 11:13:46,528 - INFO - Epoch 0 - TRAIN - Batch 1760 - Loss = 0.297 | AUROC = 0.557
2025-09-17 11:13:52,132 - INFO - Epoch 0 - TRAIN - Batch 1770 - Loss = 0.272 | AUROC = 0.563
2025-09-17 11:13:57,385 - INFO - Epoch 0 - TRAIN - Batch 1780 - Loss = 0.359 | AUROC = 0.621
2025-09-17 11:14:02,110 - INFO - Epoch 0 - TRAIN - Batch 1790 - Loss = 0.345 | AUROC = 0.637
2025-09-17 11:14:07,854 - INFO - Epoch 0 - TRAIN - Batch 1800 - Loss = 0.286 | AUROC = 0.617
2025-09-17 11:14:12,743 - INFO - Epoch 0 - TRAIN - Batch 1810 - Loss = 0.259 | AUROC = 0.506
2025-09-17 11:14:17,393 - INFO - Epoch 0 - TRAIN - Batch 1820 - Loss = 0.352 | AUROC = 0.542
2025-09-17 11:14:22,073 - INFO - Epoch 0 - TRAIN - Batch 1830 - Loss = 0.317 | AUROC = 0.635
2025-09-17 11:14:26,812 - INFO - Epoch 0 - TRAIN - Batch 1840 - Loss = 0.267 | AUROC = 0.781
2025-09-17 11:14:32,068 - INFO - Epoch 0 - TRAIN - Batch 1850 - Loss = 0.321 | AUROC = 0.646
2025-09-17 11:14:37,305 - INFO - Epoch 0 - TRAIN - Batch 1860 - Loss = 0.275 | AUROC = 0.772
2025-09-17 11:14:41,971 - INFO - Epoch 0 - TRAIN - Batch 1870 - Loss = 0.265 | AUROC = 0.636
2025-09-17 11:14:46,641 - INFO - Epoch 0 - TRAIN - Batch 1880 - Loss = 0.302 | AUROC = 0.535
2025-09-17 11:14:51,299 - INFO - Epoch 0 - TRAIN - Batch 1890 - Loss = 0.279 | AUROC = 0.526
2025-09-17 11:14:56,333 - INFO - Epoch 0 - TRAIN - Batch 1900 - Loss = 0.295 | AUROC = 0.701
2025-09-17 11:15:01,846 - INFO - Epoch 0 - TRAIN - Batch 1910 - Loss = 0.329 | AUROC = 0.823
2025-09-17 11:15:06,791 - INFO - Epoch 0 - TRAIN - Batch 1920 - Loss = 0.339 | AUROC = 0.668
2025-09-17 11:15:11,974 - INFO - Epoch 0 - TRAIN - Batch 1930 - Loss = 0.393 | AUROC = 0.566
2025-09-17 11:15:17,199 - INFO - Epoch 0 - TRAIN - Batch 1940 - Loss = 0.311 | AUROC = 0.786
2025-09-17 11:15:22,465 - INFO - Epoch 0 - TRAIN - Batch 1950 - Loss = 0.326 | AUROC = 0.668
2025-09-17 11:15:27,977 - INFO - Epoch 0 - TRAIN - Batch 1960 - Loss = 0.347 | AUROC = 0.728
2025-09-17 11:15:33,612 - INFO - Epoch 0 - TRAIN - Batch 1970 - Loss = 0.347 | AUROC = 0.57
2025-09-17 11:15:38,260 - INFO - Epoch 0 - TRAIN - Batch 1980 - Loss = 0.324 | AUROC = 0.585
2025-09-17 11:15:42,934 - INFO - Epoch 0 - TRAIN - Batch 1990 - Loss = 0.33 | AUROC = 0.514
2025-09-17 11:15:47,603 - INFO - Epoch 0 - TRAIN - Batch 2000 - Loss = 0.319 | AUROC = 0.707
2025-09-17 11:15:52,641 - INFO - Epoch 0 - TRAIN - Batch 2010 - Loss = 0.288 | AUROC = 0.562
2025-09-17 11:15:57,665 - INFO - Epoch 0 - TRAIN - Batch 2020 - Loss = 0.345 | AUROC = 0.566
2025-09-17 11:16:02,919 - INFO - Epoch 0 - TRAIN - Batch 2030 - Loss = 0.278 | AUROC = 0.639
2025-09-17 11:16:08,121 - INFO - Epoch 0 - TRAIN - Batch 2040 - Loss = 0.296 | AUROC = 0.32
2025-09-17 11:16:13,748 - INFO - Epoch 0 - TRAIN - Batch 2050 - Loss = 0.403 | AUROC = 0.465
2025-09-17 11:16:18,845 - INFO - Epoch 0 - TRAIN - Batch 2060 - Loss = 0.348 | AUROC = 0.722
2025-09-17 11:16:23,966 - INFO - Epoch 0 - TRAIN - Batch 2070 - Loss = 0.269 | AUROC = 0.722
2025-09-17 11:16:29,321 - INFO - Epoch 0 - TRAIN - Batch 2080 - Loss = 0.365 | AUROC = 0.438
2025-09-17 11:16:34,730 - INFO - Epoch 0 - TRAIN - Batch 2090 - Loss = 0.243 | AUROC = 0.416
2025-09-17 11:16:40,109 - INFO - Epoch 0 - TRAIN - Batch 2100 - Loss = 0.208 | AUROC = 0.764
2025-09-17 11:16:45,744 - INFO - Epoch 0 - TRAIN - Batch 2110 - Loss = 0.345 | AUROC = 0.59
2025-09-17 11:16:51,095 - INFO - Epoch 0 - TRAIN - Batch 2120 - Loss = 0.393 | AUROC = 0.541
2025-09-17 11:16:56,357 - INFO - Epoch 0 - TRAIN - Batch 2130 - Loss = 0.325 | AUROC = 0.64
2025-09-17 11:17:01,832 - INFO - Epoch 0 - TRAIN - Batch 2140 - Loss = 0.249 | AUROC = 0.516
2025-09-17 11:17:07,203 - INFO - Epoch 0 - TRAIN - Batch 2150 - Loss = 0.374 | AUROC = 0.503
2025-09-17 11:17:11,872 - INFO - Epoch 0 - TRAIN - Batch 2160 - Loss = 0.282 | AUROC = 0.592
2025-09-17 11:17:16,757 - INFO - Epoch 0 - TRAIN - Batch 2170 - Loss = 0.261 | AUROC = 0.611
2025-09-17 11:17:22,362 - INFO - Epoch 0 - TRAIN - Batch 2180 - Loss = 0.347 | AUROC = 0.453
2025-09-17 11:17:27,191 - INFO - Epoch 0 - TRAIN - Batch 2190 - Loss = 0.24 | AUROC = 0.454
2025-09-17 11:17:32,938 - INFO - Epoch 0 - TRAIN - Batch 2200 - Loss = 0.323 | AUROC = 0.686
2025-09-17 11:17:38,483 - INFO - Epoch 0 - TRAIN - Batch 2210 - Loss = 0.321 | AUROC = 0.651
2025-09-17 11:17:44,133 - INFO - Epoch 0 - TRAIN - Batch 2220 - Loss = 0.325 | AUROC = 0.64
2025-09-17 11:17:49,998 - INFO - Epoch 0 - TRAIN - Batch 2230 - Loss = 0.358 | AUROC = 0.482
2025-09-17 11:17:55,240 - INFO - Epoch 0 - TRAIN - Batch 2240 - Loss = 0.337 | AUROC = 0.497
2025-09-17 11:17:59,899 - INFO - Epoch 0 - TRAIN - Batch 2250 - Loss = 0.275 | AUROC = 0.507
2025-09-17 11:18:05,098 - INFO - Epoch 0 - TRAIN - Batch 2260 - Loss = 0.217 | AUROC = 0.512
2025-09-17 11:18:09,878 - INFO - Epoch 0 - TRAIN - Batch 2270 - Loss = 0.34 | AUROC = 0.666
2025-09-17 11:18:14,572 - INFO - Epoch 0 - TRAIN - Batch 2280 - Loss = 0.264 | AUROC = 0.508
2025-09-17 11:18:19,822 - INFO - Epoch 0 - TRAIN - Batch 2290 - Loss = 0.283 | AUROC = 0.349
2025-09-17 11:18:25,056 - INFO - Epoch 0 - TRAIN - Batch 2300 - Loss = 0.252 | AUROC = 0.403
2025-09-17 11:18:30,359 - INFO - Epoch 0 - TRAIN - Batch 2310 - Loss = 0.264 | AUROC = 0.643
2025-09-17 11:18:35,679 - INFO - Epoch 0 - TRAIN - Batch 2320 - Loss = 0.305 | AUROC = 0.54
2025-09-17 11:18:40,432 - INFO - Epoch 0 - TRAIN - Batch 2330 - Loss = 0.331 | AUROC = 0.474
2025-09-17 11:18:45,680 - INFO - Epoch 0 - TRAIN - Batch 2340 - Loss = 0.246 | AUROC = 0.58
2025-09-17 11:18:51,227 - INFO - Epoch 0 - TRAIN - Batch 2350 - Loss = 0.275 | AUROC = 0.716
2025-09-17 11:18:56,071 - INFO - Epoch 0 - TRAIN - Batch 2360 - Loss = 0.287 | AUROC = 0.703
2025-09-17 11:19:01,412 - INFO - Epoch 0 - TRAIN - Batch 2370 - Loss = 0.23 | AUROC = 0.568
2025-09-17 11:19:06,160 - INFO - Epoch 0 - TRAIN - Batch 2380 - Loss = 0.287 | AUROC = 0.524
2025-09-17 11:19:10,830 - INFO - Epoch 0 - TRAIN - Batch 2390 - Loss = 0.318 | AUROC = 0.589
2025-09-17 11:19:15,506 - INFO - Epoch 0 - TRAIN - Batch 2400 - Loss = 0.285 | AUROC = 0.653
2025-09-17 11:19:20,394 - INFO - Epoch 0 - TRAIN - Batch 2410 - Loss = 0.261 | AUROC = 0.72
2025-09-17 11:19:25,752 - INFO - Epoch 0 - TRAIN - Batch 2420 - Loss = 0.292 | AUROC = 0.442
2025-09-17 11:19:30,977 - INFO - Epoch 0 - TRAIN - Batch 2430 - Loss = 0.271 | AUROC = 0.657
2025-09-17 11:19:36,195 - INFO - Epoch 0 - TRAIN - Batch 2440 - Loss = 0.358 | AUROC = 0.732
2025-09-17 11:19:41,537 - INFO - Epoch 0 - TRAIN - Batch 2450 - Loss = 0.315 | AUROC = 0.463
2025-09-17 11:19:46,893 - INFO - Epoch 0 - TRAIN - Batch 2460 - Loss = 0.356 | AUROC = 0.513
2025-09-17 11:19:52,042 - INFO - Epoch 0 - TRAIN - Batch 2470 - Loss = 0.269 | AUROC = 0.496
2025-09-17 11:19:56,892 - INFO - Epoch 0 - TRAIN - Batch 2480 - Loss = 0.254 | AUROC = 0.343
2025-09-17 11:20:01,757 - INFO - Epoch 0 - TRAIN - Batch 2490 - Loss = 0.265 | AUROC = 0.57
2025-09-17 11:20:07,680 - INFO - Epoch 0 - TRAIN - Batch 2500 - Loss = 0.393 | AUROC = 0.625
2025-09-17 11:20:13,330 - INFO - Epoch 0 - TRAIN - Batch 2510 - Loss = 0.307 | AUROC = 0.667
2025-09-17 11:20:18,710 - INFO - Epoch 0 - TRAIN - Batch 2520 - Loss = 0.295 | AUROC = 0.546
2025-09-17 11:20:24,785 - INFO - Epoch 0 - TRAIN - Batch 2530 - Loss = 0.289 | AUROC = 0.577
2025-09-17 11:20:31,122 - INFO - Epoch 0 - TRAIN - Batch 2540 - Loss = 0.417 | AUROC = 0.669
2025-09-17 11:20:37,343 - INFO - Epoch 0 - TRAIN - Batch 2550 - Loss = 0.241 | AUROC = 0.81
2025-09-17 11:20:42,322 - INFO - Epoch 0 - TRAIN - Batch 2560 - Loss = 0.436 | AUROC = 0.57
2025-09-17 11:20:47,118 - INFO - Epoch 0 - TRAIN - Batch 2570 - Loss = 0.274 | AUROC = 0.848
2025-09-17 11:20:52,478 - INFO - Epoch 0 - TRAIN - Batch 2580 - Loss = 0.268 | AUROC = 0.655
2025-09-17 11:20:58,037 - INFO - Epoch 0 - TRAIN - Batch 2590 - Loss = 0.226 | AUROC = 0.801
2025-09-17 11:21:03,698 - INFO - Epoch 0 - TRAIN - Batch 2600 - Loss = 0.262 | AUROC = 0.733
2025-09-17 11:21:09,375 - INFO - Epoch 0 - TRAIN - Batch 2610 - Loss = 0.346 | AUROC = 0.536
2025-09-17 11:21:15,205 - INFO - Epoch 0 - TRAIN - Batch 2620 - Loss = 0.221 | AUROC = 0.625
2025-09-17 11:21:20,306 - INFO - Epoch 0 - TRAIN - Batch 2630 - Loss = 0.247 | AUROC = 0.571
2025-09-17 11:21:25,637 - INFO - Epoch 0 - TRAIN - Batch 2640 - Loss = 0.295 | AUROC = 0.361
2025-09-17 11:21:30,316 - INFO - Epoch 0 - TRAIN - Batch 2650 - Loss = 0.308 | AUROC = 0.641
2025-09-17 11:21:35,575 - INFO - Epoch 0 - TRAIN - Batch 2660 - Loss = 0.366 | AUROC = 0.462
2025-09-17 11:21:40,912 - INFO - Epoch 0 - TRAIN - Batch 2670 - Loss = 0.309 | AUROC = 0.725
2025-09-17 11:21:46,045 - INFO - Epoch 0 - TRAIN - Batch 2680 - Loss = 0.251 | AUROC = 0.674
2025-09-17 11:21:50,980 - INFO - Epoch 0 - TRAIN - Batch 2690 - Loss = 0.287 | AUROC = 0.602
2025-09-17 11:21:56,664 - INFO - Epoch 0 - TRAIN - Batch 2700 - Loss = 0.253 | AUROC = 0.755
2025-09-17 11:22:01,349 - INFO - Epoch 0 - TRAIN - Batch 2710 - Loss = 0.253 | AUROC = 0.702
2025-09-17 11:22:06,697 - INFO - Epoch 0 - TRAIN - Batch 2720 - Loss = 0.252 | AUROC = 0.764
2025-09-17 11:22:11,774 - INFO - Epoch 0 - TRAIN - Batch 2730 - Loss = 0.379 | AUROC = 0.49
2025-09-17 11:22:17,374 - INFO - Epoch 0 - TRAIN - Batch 2740 - Loss = 0.332 | AUROC = 0.54
2025-09-17 11:22:22,703 - INFO - Epoch 0 - TRAIN - Batch 2750 - Loss = 0.342 | AUROC = 0.476
2025-09-17 11:22:27,699 - INFO - Epoch 0 - TRAIN - Batch 2760 - Loss = 0.337 | AUROC = 0.535
2025-09-17 11:22:32,415 - INFO - Epoch 0 - TRAIN - Batch 2770 - Loss = 0.246 | AUROC = 0.551
2025-09-17 11:22:37,342 - INFO - Epoch 0 - TRAIN - Batch 2780 - Loss = 0.257 | AUROC = 0.571
2025-09-17 11:22:42,959 - INFO - Epoch 0 - TRAIN - Batch 2790 - Loss = 0.275 | AUROC = 0.433
2025-09-17 11:22:48,496 - INFO - Epoch 0 - TRAIN - Batch 2800 - Loss = 0.29 | AUROC = 0.564
2025-09-17 11:22:53,708 - INFO - Epoch 0 - TRAIN - Batch 2810 - Loss = 0.377 | AUROC = 0.713
2025-09-17 11:22:59,365 - INFO - Epoch 0 - TRAIN - Batch 2820 - Loss = 0.275 | AUROC = 0.407
2025-09-17 11:23:04,890 - INFO - Epoch 0 - TRAIN - Batch 2830 - Loss = 0.261 | AUROC = 0.522
2025-09-17 11:23:10,660 - INFO - Epoch 0 - TRAIN - Batch 2840 - Loss = 0.383 | AUROC = 0.468
2025-09-17 11:23:16,405 - INFO - Epoch 0 - TRAIN - Batch 2850 - Loss = 0.347 | AUROC = 0.563
2025-09-17 11:23:22,032 - INFO - Epoch 0 - TRAIN - Batch 2860 - Loss = 0.336 | AUROC = 0.613
2025-09-17 11:23:27,372 - INFO - Epoch 0 - TRAIN - Batch 2870 - Loss = 0.334 | AUROC = 0.378
2025-09-17 11:23:32,700 - INFO - Epoch 0 - TRAIN - Batch 2880 - Loss = 0.284 | AUROC = 0.568
2025-09-17 11:23:37,591 - INFO - Epoch 0 - TRAIN - Batch 2890 - Loss = 0.317 | AUROC = 0.59
2025-09-17 11:23:42,965 - INFO - Epoch 0 - TRAIN - Batch 2900 - Loss = 0.249 | AUROC = 0.78
2025-09-17 11:23:48,271 - INFO - Epoch 0 - TRAIN - Batch 2910 - Loss = 0.295 | AUROC = 0.455
2025-09-17 11:23:53,714 - INFO - Epoch 0 - TRAIN - Batch 2920 - Loss = 0.337 | AUROC = 0.545
2025-09-17 11:23:59,339 - INFO - Epoch 0 - TRAIN - Batch 2930 - Loss = 0.271 | AUROC = 0.522
2025-09-17 11:24:04,986 - INFO - Epoch 0 - TRAIN - Batch 2940 - Loss = 0.382 | AUROC = 0.584
2025-09-17 11:24:10,706 - INFO - Epoch 0 - TRAIN - Batch 2950 - Loss = 0.224 | AUROC = 0.468
2025-09-17 11:24:15,861 - INFO - Epoch 0 - TRAIN - Batch 2960 - Loss = 0.291 | AUROC = 0.524
2025-09-17 11:24:21,535 - INFO - Epoch 0 - TRAIN - Batch 2970 - Loss = 0.322 | AUROC = 0.64
2025-09-17 11:24:26,972 - INFO - Epoch 0 - TRAIN - Batch 2980 - Loss = 0.417 | AUROC = 0.755
2025-09-17 11:24:32,292 - INFO - Epoch 0 - TRAIN - Batch 2990 - Loss = 0.344 | AUROC = 0.559
2025-09-17 11:24:37,661 - INFO - Epoch 0 - TRAIN - Batch 3000 - Loss = 0.214 | AUROC = 0.679
2025-09-17 11:24:43,071 - INFO - Epoch 0 - TRAIN - Batch 3010 - Loss = 0.277 | AUROC = 0.552
2025-09-17 11:24:48,411 - INFO - Epoch 0 - TRAIN - Batch 3020 - Loss = 0.246 | AUROC = 0.363
2025-09-17 11:24:54,009 - INFO - Epoch 0 - TRAIN - Batch 3030 - Loss = 0.206 | AUROC = 0.48
2025-09-17 11:24:59,257 - INFO - Epoch 0 - TRAIN - Batch 3040 - Loss = 0.347 | AUROC = 0.406
2025-09-17 11:25:04,399 - INFO - Epoch 0 - TRAIN - Batch 3050 - Loss = 0.23 | AUROC = 0.412
2025-09-17 11:25:09,977 - INFO - Epoch 0 - TRAIN - Batch 3060 - Loss = 0.352 | AUROC = 0.323
2025-09-17 11:25:14,656 - INFO - Epoch 0 - TRAIN - Batch 3070 - Loss = 0.369 | AUROC = 0.553
2025-09-17 11:25:20,198 - INFO - Epoch 0 - TRAIN - Batch 3080 - Loss = 0.326 | AUROC = 0.585
2025-09-17 11:25:25,176 - INFO - Epoch 0 - TRAIN - Batch 3090 - Loss = 0.369 | AUROC = 0.407
2025-09-17 11:25:30,806 - INFO - Epoch 0 - TRAIN - Batch 3100 - Loss = 0.254 | AUROC = 0.691
2025-09-17 11:25:36,557 - INFO - Epoch 0 - TRAIN - Batch 3110 - Loss = 0.264 | AUROC = 0.617
2025-09-17 11:25:42,004 - INFO - Epoch 0 - TRAIN - Batch 3120 - Loss = 0.26 | AUROC = 0.585
2025-09-17 11:25:47,126 - INFO - Epoch 0 - TRAIN - Batch 3130 - Loss = 0.23 | AUROC = 0.646
2025-09-17 11:25:51,809 - INFO - Epoch 0 - TRAIN - Batch 3140 - Loss = 0.287 | AUROC = 0.727
2025-09-17 11:25:56,642 - INFO - Epoch 0 - TRAIN - Batch 3150 - Loss = 0.253 | AUROC = 0.507
2025-09-17 11:26:01,873 - INFO - Epoch 0 - TRAIN - Batch 3160 - Loss = 0.333 | AUROC = 0.68
2025-09-17 11:26:07,732 - INFO - Epoch 0 - TRAIN - Batch 3170 - Loss = 0.285 | AUROC = 0.657
2025-09-17 11:26:13,286 - INFO - Epoch 0 - TRAIN - Batch 3180 - Loss = 0.229 | AUROC = 0.536
2025-09-17 11:26:18,609 - INFO - Epoch 0 - TRAIN - Batch 3190 - Loss = 0.275 | AUROC = 0.765
2025-09-17 11:26:23,257 - INFO - Epoch 0 - TRAIN - Batch 3200 - Loss = 0.345 | AUROC = 0.566
2025-09-17 11:26:28,627 - INFO - Epoch 0 - TRAIN - Batch 3210 - Loss = 0.287 | AUROC = 0.537
2025-09-17 11:26:33,296 - INFO - Epoch 0 - TRAIN - Batch 3220 - Loss = 0.303 | AUROC = 0.512
2025-09-17 11:26:38,995 - INFO - Epoch 0 - TRAIN - Batch 3230 - Loss = 0.276 | AUROC = 0.548
2025-09-17 11:26:44,447 - INFO - Epoch 0 - TRAIN - Batch 3240 - Loss = 0.297 | AUROC = 0.787
2025-09-17 11:26:49,150 - INFO - Epoch 0 - TRAIN - Batch 3250 - Loss = 0.36 | AUROC = 0.452
2025-09-17 11:26:54,480 - INFO - Epoch 0 - TRAIN - Batch 3260 - Loss = 0.319 | AUROC = 0.553
2025-09-17 11:27:00,109 - INFO - Epoch 0 - TRAIN - Batch 3270 - Loss = 0.397 | AUROC = 0.583
2025-09-17 11:27:05,613 - INFO - Epoch 0 - TRAIN - Batch 3280 - Loss = 0.207 | AUROC = 0.369
2025-09-17 11:27:11,080 - INFO - Epoch 0 - TRAIN - Batch 3290 - Loss = 0.318 | AUROC = 0.587
2025-09-17 11:27:16,560 - INFO - Epoch 0 - TRAIN - Batch 3300 - Loss = 0.293 | AUROC = 0.552
2025-09-17 11:27:21,960 - INFO - Epoch 0 - TRAIN - Batch 3310 - Loss = 0.328 | AUROC = 0.72
2025-09-17 11:27:26,707 - INFO - Epoch 0 - TRAIN - Batch 3320 - Loss = 0.246 | AUROC = 0.694
2025-09-17 11:27:31,436 - INFO - Epoch 0 - TRAIN - Batch 3330 - Loss = 0.329 | AUROC = 0.678
2025-09-17 11:27:36,388 - INFO - Epoch 0 - TRAIN - Batch 3340 - Loss = 0.241 | AUROC = 0.641
2025-09-17 11:27:41,907 - INFO - Epoch 0 - TRAIN - Batch 3350 - Loss = 0.354 | AUROC = 0.538
2025-09-17 11:27:47,328 - INFO - Epoch 0 - TRAIN - Batch 3360 - Loss = 0.377 | AUROC = 0.595
2025-09-17 11:27:52,605 - INFO - Epoch 0 - TRAIN - Batch 3370 - Loss = 0.316 | AUROC = 0.411
2025-09-17 11:27:57,837 - INFO - Epoch 0 - TRAIN - Batch 3380 - Loss = 0.316 | AUROC = 0.712
2025-09-17 11:28:03,317 - INFO - Epoch 0 - TRAIN - Batch 3390 - Loss = 0.269 | AUROC = 0.67
2025-09-17 11:28:08,617 - INFO - Epoch 0 - TRAIN - Batch 3400 - Loss = 0.299 | AUROC = 0.486
2025-09-17 11:28:14,119 - INFO - Epoch 0 - TRAIN - Batch 3410 - Loss = 0.306 | AUROC = 0.771
2025-09-17 11:28:19,484 - INFO - Epoch 0 - TRAIN - Batch 3420 - Loss = 0.283 | AUROC = 0.33
2025-09-17 11:28:24,140 - INFO - Epoch 0 - TRAIN - Batch 3430 - Loss = 0.258 | AUROC = 0.625
2025-09-17 11:28:29,008 - INFO - Epoch 0 - TRAIN - Batch 3440 - Loss = 0.346 | AUROC = 0.486
2025-09-17 11:28:34,415 - INFO - Epoch 0 - TRAIN - Batch 3450 - Loss = 0.245 | AUROC = 0.476
2025-09-17 11:28:39,575 - INFO - Epoch 0 - TRAIN - Batch 3460 - Loss = 0.395 | AUROC = 0.689
2025-09-17 11:28:44,811 - INFO - Epoch 0 - TRAIN - Batch 3470 - Loss = 0.27 | AUROC = 0.516
2025-09-17 11:28:49,744 - INFO - Epoch 0 - TRAIN - Batch 3480 - Loss = 0.321 | AUROC = 0.563
2025-09-17 11:28:55,120 - INFO - Epoch 0 - TRAIN - Batch 3490 - Loss = 0.334 | AUROC = 0.577
2025-09-17 11:29:00,330 - INFO - Epoch 0 - TRAIN - Batch 3500 - Loss = 0.238 | AUROC = 0.479
2025-09-17 11:29:05,581 - INFO - Epoch 0 - TRAIN - Batch 3510 - Loss = 0.28 | AUROC = 0.589
2025-09-17 11:29:10,595 - INFO - Epoch 0 - TRAIN - Batch 3520 - Loss = 0.255 | AUROC = 0.575
2025-09-17 11:29:15,899 - INFO - Epoch 0 - TRAIN - Batch 3530 - Loss = 0.342 | AUROC = 0.687
2025-09-17 11:29:21,112 - INFO - Epoch 0 - TRAIN - Batch 3540 - Loss = 0.297 | AUROC = 0.545
2025-09-17 11:29:25,770 - INFO - Epoch 0 - TRAIN - Batch 3550 - Loss = 0.288 | AUROC = 0.418
2025-09-17 11:29:31,172 - INFO - Epoch 0 - TRAIN - Batch 3560 - Loss = 0.289 | AUROC = 0.577
2025-09-17 11:29:36,452 - INFO - Epoch 0 - TRAIN - Batch 3570 - Loss = 0.335 | AUROC = 0.597
2025-09-17 11:29:41,900 - INFO - Epoch 0 - TRAIN - Batch 3580 - Loss = 0.235 | AUROC = 0.668
2025-09-17 11:29:47,302 - INFO - Epoch 0 - TRAIN - Batch 3590 - Loss = 0.321 | AUROC = 0.69
2025-09-17 11:29:52,062 - INFO - Epoch 0 - TRAIN - Batch 3600 - Loss = 0.364 | AUROC = 0.52
2025-09-17 11:29:57,250 - INFO - Epoch 0 - TRAIN - Batch 3610 - Loss = 0.323 | AUROC = 0.637
2025-09-17 11:30:02,203 - INFO - Epoch 0 - TRAIN - Batch 3620 - Loss = 0.275 | AUROC = 0.467
2025-09-17 11:30:06,835 - INFO - Epoch 0 - TRAIN - Batch 3630 - Loss = 0.284 | AUROC = 0.811
2025-09-17 11:30:11,752 - INFO - Epoch 0 - TRAIN - Batch 3640 - Loss = 0.242 | AUROC = 0.827
2025-09-17 11:30:16,951 - INFO - Epoch 0 - TRAIN - Batch 3650 - Loss = 0.37 | AUROC = 0.497
2025-09-17 11:30:22,322 - INFO - Epoch 0 - TRAIN - Batch 3660 - Loss = 0.266 | AUROC = 0.667
2025-09-17 11:30:27,342 - INFO - Epoch 0 - TRAIN - Batch 3670 - Loss = 0.331 | AUROC = 0.322
2025-09-17 11:30:32,267 - INFO - Epoch 0 - TRAIN - Batch 3680 - Loss = 0.355 | AUROC = 0.421
2025-09-17 11:30:36,902 - INFO - Epoch 0 - TRAIN - Batch 3690 - Loss = 0.286 | AUROC = 0.737
2025-09-17 11:30:41,551 - INFO - Epoch 0 - TRAIN - Batch 3700 - Loss = 0.247 | AUROC = 0.357
2025-09-17 11:30:46,876 - INFO - Epoch 0 - TRAIN - Batch 3710 - Loss = 0.346 | AUROC = 0.393
2025-09-17 11:30:51,689 - INFO - Epoch 0 - TRAIN - Batch 3720 - Loss = 0.329 | AUROC = 0.564
2025-09-17 11:30:57,307 - INFO - Epoch 0 - TRAIN - Batch 3730 - Loss = 0.328 | AUROC = 0.643
2025-09-17 11:31:02,492 - INFO - Epoch 0 - TRAIN - Batch 3740 - Loss = 0.258 | AUROC = 0.634
2025-09-17 11:31:08,009 - INFO - Epoch 0 - TRAIN - Batch 3750 - Loss = 0.27 | AUROC = 0.818
2025-09-17 11:31:13,234 - INFO - Epoch 0 - TRAIN - Batch 3760 - Loss = 0.296 | AUROC = 0.582
2025-09-17 11:31:18,356 - INFO - Epoch 0 - TRAIN - Batch 3770 - Loss = 0.305 | AUROC = 0.635
2025-09-17 11:31:23,447 - INFO - Epoch 0 - TRAIN - Batch 3780 - Loss = 0.26 | AUROC = 0.497
2025-09-17 11:31:28,930 - INFO - Epoch 0 - TRAIN - Batch 3790 - Loss = 0.365 | AUROC = 0.525
2025-09-17 11:31:33,573 - INFO - Epoch 0 - TRAIN - Batch 3800 - Loss = 0.266 | AUROC = 0.52
2025-09-17 11:31:38,202 - INFO - Epoch 0 - TRAIN - Batch 3810 - Loss = 0.281 | AUROC = 0.528
2025-09-17 11:31:43,048 - INFO - Epoch 0 - TRAIN - Batch 3820 - Loss = 0.384 | AUROC = 0.609
2025-09-17 11:31:48,443 - INFO - Epoch 0 - TRAIN - Batch 3830 - Loss = 0.334 | AUROC = 0.481
2025-09-17 11:31:54,114 - INFO - Epoch 0 - TRAIN - Batch 3840 - Loss = 0.245 | AUROC = 0.443
2025-09-17 11:31:59,696 - INFO - Epoch 0 - TRAIN - Batch 3850 - Loss = 0.301 | AUROC = 0.514
2025-09-17 11:32:04,738 - INFO - Epoch 0 - TRAIN - Batch 3860 - Loss = 0.311 | AUROC = 0.282
2025-09-17 11:32:09,405 - INFO - Epoch 0 - TRAIN - Batch 3870 - Loss = 0.344 | AUROC = 0.457
2025-09-17 11:32:14,565 - INFO - Epoch 0 - TRAIN - Batch 3880 - Loss = 0.361 | AUROC = 0.649
2025-09-17 11:32:19,395 - INFO - Epoch 0 - TRAIN - Batch 3890 - Loss = 0.302 | AUROC = 0.576
2025-09-17 11:32:24,252 - INFO - Epoch 0 - TRAIN - Batch 3900 - Loss = 0.358 | AUROC = 0.639
2025-09-17 11:32:29,338 - INFO - Epoch 0 - TRAIN - Batch 3910 - Loss = 0.295 | AUROC = 0.603
2025-09-17 11:32:34,705 - INFO - Epoch 0 - TRAIN - Batch 3920 - Loss = 0.283 | AUROC = 0.657
2025-09-17 11:32:39,990 - INFO - Epoch 0 - TRAIN - Batch 3930 - Loss = 0.293 | AUROC = 0.409
2025-09-17 11:32:45,323 - INFO - Epoch 0 - TRAIN - Batch 3940 - Loss = 0.282 | AUROC = 0.743
2025-09-17 11:32:50,783 - INFO - Epoch 0 - TRAIN - Batch 3950 - Loss = 0.321 | AUROC = 0.56
2025-09-17 11:32:56,403 - INFO - Epoch 0 - TRAIN - Batch 3960 - Loss = 0.428 | AUROC = 0.608
2025-09-17 11:33:01,760 - INFO - Epoch 0 - TRAIN - Batch 3970 - Loss = 0.273 | AUROC = 0.598
2025-09-17 11:33:06,746 - INFO - Epoch 0 - TRAIN - Batch 3980 - Loss = 0.276 | AUROC = 0.353
2025-09-17 11:33:12,470 - INFO - Epoch 0 - TRAIN - Batch 3990 - Loss = 0.3 | AUROC = 0.694
2025-09-17 11:33:17,694 - INFO - Epoch 0 - TRAIN - Batch 4000 - Loss = 0.315 | AUROC = 0.507
2025-09-17 11:33:22,731 - INFO - Epoch 0 - TRAIN - Batch 4010 - Loss = 0.25 | AUROC = 0.516
2025-09-17 11:33:27,697 - INFO - Epoch 0 - TRAIN - Batch 4020 - Loss = 0.248 | AUROC = 0.64
2025-09-17 11:33:33,017 - INFO - Epoch 0 - TRAIN - Batch 4030 - Loss = 0.259 | AUROC = 0.396
2025-09-17 11:33:38,146 - INFO - Epoch 0 - TRAIN - Batch 4040 - Loss = 0.28 | AUROC = 0.509
2025-09-17 11:33:43,531 - INFO - Epoch 0 - TRAIN - Batch 4050 - Loss = 0.281 | AUROC = 0.715
2025-09-17 11:33:48,904 - INFO - Epoch 0 - TRAIN - Batch 4060 - Loss = 0.452 | AUROC = 0.46
2025-09-17 11:33:54,030 - INFO - Epoch 0 - TRAIN - Batch 4070 - Loss = 0.248 | AUROC = 0.449
2025-09-17 11:33:59,334 - INFO - Epoch 0 - TRAIN - Batch 4080 - Loss = 0.245 | AUROC = 0.42
2025-09-17 11:34:04,023 - INFO - Epoch 0 - TRAIN - Batch 4090 - Loss = 0.289 | AUROC = 0.653
2025-09-17 11:34:08,642 - INFO - Epoch 0 - TRAIN - Batch 4100 - Loss = 0.293 | AUROC = 0.62
2025-09-17 11:34:13,665 - INFO - Epoch 0 - TRAIN - Batch 4110 - Loss = 0.286 | AUROC = 0.388
2025-09-17 11:34:18,821 - INFO - Epoch 0 - TRAIN - Batch 4120 - Loss = 0.393 | AUROC = 0.608
2025-09-17 11:34:24,499 - INFO - Epoch 0 - TRAIN - Batch 4130 - Loss = 0.304 | AUROC = 0.55
2025-09-17 11:34:29,664 - INFO - Epoch 0 - TRAIN - Batch 4140 - Loss = 0.307 | AUROC = 0.345
2025-09-17 11:34:29,672 - INFO - VAL phase
2025-09-17 11:34:29,942 - INFO - Epoch 0 - VAL - Batch 0 - Loss = 0.218 | AUROC = 0.583
2025-09-17 11:34:31,875 - INFO - Epoch 0 - VAL - Batch 10 - Loss = 0.197 | AUROC = 0.694
2025-09-17 11:34:33,695 - INFO - Epoch 0 - VAL - Batch 20 - Loss = 0.329 | AUROC = 0.7
2025-09-17 11:34:35,588 - INFO - Epoch 0 - VAL - Batch 30 - Loss = 0.296 | AUROC = 0.417
2025-09-17 11:34:37,480 - INFO - Epoch 0 - VAL - Batch 40 - Loss = 0.295 | AUROC = 0.5
2025-09-17 11:34:38,985 - INFO - Epoch 0 - VAL - Batch 50 - Loss = 0.331 | AUROC = 0.833
2025-09-17 11:34:40,816 - INFO - Epoch 0 - VAL - Batch 60 - Loss = 0.501 | AUROC = 0.521
2025-09-17 11:34:42,757 - INFO - Epoch 0 - VAL - Batch 70 - Loss = 0.315 | AUROC = 0.783
2025-09-17 11:34:44,707 - INFO - Epoch 0 - VAL - Batch 80 - Loss = 0.276 | AUROC = 0.458
2025-09-17 11:34:46,641 - INFO - Epoch 0 - VAL - Batch 90 - Loss = 0.256 | AUROC = 0.688
2025-09-17 11:34:48,586 - INFO - Epoch 0 - VAL - Batch 100 - Loss = 0.44 | AUROC = 0.479
2025-09-17 11:34:50,541 - INFO - Epoch 0 - VAL - Batch 110 - Loss = 0.302 | AUROC = 0.542
2025-09-17 11:34:52,459 - INFO - Epoch 0 - VAL - Batch 120 - Loss = 0.35 | AUROC = 0.333
2025-09-17 11:34:54,373 - INFO - Epoch 0 - VAL - Batch 130 - Loss = 0.307 | AUROC = 0.667
2025-09-17 11:34:56,115 - INFO - Epoch 0 - VAL - Batch 140 - Loss = 0.276 | AUROC = 0.229
2025-09-17 11:34:57,997 - INFO - Epoch 0 - VAL - Batch 150 - Loss = 0.3 | AUROC = 0.444
2025-09-17 11:34:59,883 - INFO - Epoch 0 - VAL - Batch 160 - Loss = 0.289 | AUROC = 0.433
2025-09-17 11:35:01,805 - INFO - Epoch 0 - VAL - Batch 170 - Loss = 0.24 | AUROC = 0.417
2025-09-17 11:35:03,188 - INFO - Epoch 0 - VAL - Batch 180 - Loss = 0.305 | AUROC = 0.458
2025-09-17 11:35:04,758 - INFO - Epoch 0 - VAL - Batch 190 - Loss = 0.301 | AUROC = 0.458
2025-09-17 11:35:06,641 - INFO - Epoch 0 - VAL - Batch 200 - Loss = 0.286 | AUROC = 0.646
2025-09-17 11:35:08,586 - INFO - Epoch 0 - VAL - Batch 210 - Loss = 0.284 | AUROC = 0.333
2025-09-17 11:35:10,493 - INFO - Epoch 0 - VAL - Batch 220 - Loss = 0.357 | AUROC = 0.694
2025-09-17 11:35:12,412 - INFO - Epoch 0 - VAL - Batch 230 - Loss = 0.21 | AUROC = 1.0
2025-09-17 11:35:14,356 - INFO - Epoch 0 - VAL - Batch 240 - Loss = 0.445 | AUROC = 0.5
2025-09-17 11:35:16,267 - INFO - Epoch 0 - VAL - Batch 250 - Loss = 0.411 | AUROC = 0.643
2025-09-17 11:35:18,147 - INFO - Epoch 0 - VAL - Batch 260 - Loss = 0.282 | AUROC = 0.5
2025-09-17 11:35:19,667 - INFO - Epoch 0 - VAL - Batch 270 - Loss = 0.363 | AUROC = 0.514
2025-09-17 11:35:21,533 - INFO - Epoch 0 - VAL - Batch 280 - Loss = 0.301 | AUROC = 0.933
2025-09-17 11:35:23,444 - INFO - Epoch 0 - VAL - Batch 290 - Loss = 0.28 | AUROC = 0.833
2025-09-17 11:35:25,418 - INFO - Epoch 0 - VAL - Batch 300 - Loss = 0.454 | AUROC = 0.45
2025-09-17 11:35:27,272 - INFO - Epoch 0 - VAL - Batch 310 - Loss = 0.29 | AUROC = 0.542
2025-09-17 11:35:28,847 - INFO - Epoch 0 - VAL - Batch 320 - Loss = 0.298 | AUROC = 0.5
2025-09-17 11:35:30,753 - INFO - Epoch 0 - VAL - Batch 330 - Loss = 0.312 | AUROC = 0.167
2025-09-17 11:35:32,678 - INFO - Epoch 0 - VAL - Batch 340 - Loss = 0.355 | AUROC = 0.306
2025-09-17 11:35:34,661 - INFO - Epoch 0 - VAL - Batch 350 - Loss = 0.412 | AUROC = 0.583
2025-09-17 11:35:36,570 - INFO - Epoch 0 - VAL - Batch 360 - Loss = 0.379 | AUROC = 0.35
2025-09-17 11:35:38,473 - INFO - Epoch 0 - VAL - Batch 370 - Loss = 0.331 | AUROC = 0.567
2025-09-17 11:35:40,377 - INFO - Epoch 0 - VAL - Batch 380 - Loss = 0.275 | AUROC = 0.396
2025-09-17 11:35:42,284 - INFO - Epoch 0 - VAL - Batch 390 - Loss = 0.264 | AUROC = 0.733
2025-09-17 11:35:44,226 - INFO - Epoch 0 - VAL - Batch 400 - Loss = 0.263 | AUROC = 0.667
2025-09-17 11:35:46,134 - INFO - Epoch 0 - VAL - Batch 410 - Loss = 0.339 | AUROC = 0.222
2025-09-17 11:35:48,020 - INFO - Epoch 0 - VAL - Batch 420 - Loss = 0.282 | AUROC = 0.4
2025-09-17 11:35:49,951 - INFO - Epoch 0 - VAL - Batch 430 - Loss = 0.349 | AUROC = 0.611
2025-09-17 11:35:51,877 - INFO - Epoch 0 - VAL - Batch 440 - Loss = 0.439 | AUROC = 0.524
2025-09-17 11:35:53,815 - INFO - Epoch 0 - VAL - Batch 450 - Loss = 0.277 | AUROC = 0.417
2025-09-17 11:35:55,729 - INFO - Epoch 0 - VAL - Batch 460 - Loss = 0.311 | AUROC = 0.5
2025-09-17 11:35:57,647 - INFO - Epoch 0 - VAL - Batch 470 - Loss = 0.469 | AUROC = 0.548
2025-09-17 11:35:59,575 - INFO - Epoch 0 - VAL - Batch 480 - Loss = 0.323 | AUROC = 0.633
2025-09-17 11:36:01,307 - INFO - Epoch 0 - VAL - Batch 490 - Loss = 0.339 | AUROC = 0.533
2025-09-17 11:36:02,820 - INFO - Epoch 0 - VAL - Batch 500 - Loss = 0.306 | AUROC = 0.521
2025-09-17 11:36:04,690 - INFO - Epoch 0 - VAL - Batch 510 - Loss = 0.312 | AUROC = 0.433
2025-09-17 11:36:06,623 - INFO - Epoch 0 - VAL - Batch 520 - Loss = 0.293 | AUROC = 0.854
2025-09-17 11:36:08,547 - INFO - Epoch 0 - VAL - Batch 530 - Loss = 0.321 | AUROC = 0.267
2025-09-17 11:36:10,514 - INFO - Epoch 0 - VAL - Batch 540 - Loss = 0.282 | AUROC = 0.5
2025-09-17 11:36:12,225 - INFO - Epoch 0 - VAL - Batch 550 - Loss = 0.185 | AUROC = 1.0
2025-09-17 11:36:13,664 - INFO - Epoch 0 - VAL - Batch 560 - Loss = 0.303 | AUROC = 0.6
2025-09-17 11:36:15,117 - INFO - Epoch 0 - VAL - Batch 570 - Loss = 0.355 | AUROC = 0.556
2025-09-17 11:36:17,060 - INFO - Epoch 0 - VAL - Batch 580 - Loss = 0.259 | AUROC = 0.667
2025-09-17 11:36:19,033 - INFO - Epoch 0 - VAL - Batch 590 - Loss = 0.316 | AUROC = 0.458
2025-09-17 11:36:20,939 - INFO - Epoch 0 - VAL - Batch 600 - Loss = 0.269 | AUROC = 0.458
2025-09-17 11:36:22,865 - INFO - Epoch 0 - VAL - Batch 610 - Loss = 0.356 | AUROC = 0.55
2025-09-17 11:36:24,859 - INFO - Epoch 0 - VAL - Batch 620 - Loss = 0.298 | AUROC = 0.75
2025-09-17 11:36:26,564 - INFO - Epoch 0 - VAL - Batch 630 - Loss = 0.327 | AUROC = 0.667
2025-09-17 11:36:28,013 - INFO - Epoch 0 - VAL - Batch 640 - Loss = 0.408 | AUROC = 0.548
2025-09-17 11:36:29,878 - INFO - Epoch 0 - VAL - Batch 650 - Loss = 0.272 | AUROC = 0.333
2025-09-17 11:36:31,798 - INFO - Epoch 0 - VAL - Batch 660 - Loss = 0.292 | AUROC = 0.583
2025-09-17 11:36:33,707 - INFO - Epoch 0 - VAL - Batch 670 - Loss = 0.222 | AUROC = 0.417
2025-09-17 11:36:35,628 - INFO - Epoch 0 - VAL - Batch 680 - Loss = 0.377 | AUROC = 0.417
2025-09-17 11:36:37,567 - INFO - Epoch 0 - VAL - Batch 690 - Loss = 0.3 | AUROC = 0.6
2025-09-17 11:36:39,493 - INFO - Epoch 0 - VAL - Batch 700 - Loss = 0.294 | AUROC = 0.567
2025-09-17 11:36:41,376 - INFO - Epoch 0 - VAL - Batch 710 - Loss = 0.232 | AUROC = 0.854
2025-09-17 11:36:43,365 - INFO - Epoch 0 - VAL - Batch 720 - Loss = 0.337 | AUROC = 0.778
2025-09-17 11:36:45,532 - INFO - Epoch 0 - VAL - Batch 730 - Loss = 0.281 | AUROC = 0.667
2025-09-17 11:36:47,469 - INFO - Epoch 0 - VAL - Batch 740 - Loss = 0.282 | AUROC = 0.533
2025-09-17 11:36:49,478 - INFO - Epoch 0 - VAL - Batch 750 - Loss = 0.309 | AUROC = 0.8
2025-09-17 11:36:51,615 - INFO - Epoch 0 - VAL - Batch 760 - Loss = 0.441 | AUROC = 0.569
2025-09-17 11:36:53,545 - INFO - Epoch 0 - VAL - Batch 770 - Loss = 0.457 | AUROC = 0.4
2025-09-17 11:36:55,452 - INFO - Epoch 0 - VAL - Batch 780 - Loss = 0.269 | AUROC = 0.833
2025-09-17 11:36:57,251 - INFO - Epoch 0 - VAL - Batch 790 - Loss = 0.269 | AUROC = 0.683
2025-09-17 11:36:58,919 - INFO - Epoch 0 - VAL - Batch 800 - Loss = 0.304 | AUROC = 0.604
2025-09-17 11:37:00,834 - INFO - Epoch 0 - VAL - Batch 810 - Loss = 0.359 | AUROC = 0.667
2025-09-17 11:37:02,751 - INFO - Epoch 0 - VAL - Batch 820 - Loss = 0.456 | AUROC = 0.476
2025-09-17 11:37:04,707 - INFO - Epoch 0 - VAL - Batch 830 - Loss = 0.27 | AUROC = 0.633
2025-09-17 11:37:06,672 - INFO - Epoch 0 - VAL - Batch 840 - Loss = 0.262 | AUROC = 0.667
2025-09-17 11:37:08,588 - INFO - Epoch 0 - VAL - Batch 850 - Loss = 0.314 | AUROC = 0.611
2025-09-17 11:37:10,394 - INFO - Epoch 0 - VAL - Batch 860 - Loss = 0.275 | AUROC = 0.667
2025-09-17 11:37:12,204 - INFO - Epoch 0 - VAL - Batch 870 - Loss = 0.328 | AUROC = 0.667
2025-09-17 11:37:14,122 - INFO - Epoch 0 - VAL - Batch 880 - Loss = 0.384 | AUROC = 0.458
2025-09-17 11:37:16,077 - INFO - Epoch 0 - VAL - Batch 890 - Loss = 0.466 | AUROC = 0.417
2025-09-17 11:37:17,976 - INFO - Epoch 0 - VAL - Batch 900 - Loss = 0.319 | AUROC = 0.733
2025-09-17 11:37:19,883 - INFO - Epoch 0 - VAL - Batch 910 - Loss = 0.303 | AUROC = 0.433
2025-09-17 11:37:21,817 - INFO - Epoch 0 - VAL - Batch 920 - Loss = 0.279 | AUROC = 0.5
2025-09-17 11:37:23,714 - INFO - Epoch 0 - VAL - Batch 930 - Loss = 0.332 | AUROC = 0.312
2025-09-17 11:37:25,670 - INFO - Epoch 0 - VAL - Batch 940 - Loss = 0.483 | AUROC = 0.5
2025-09-17 11:37:27,626 - INFO - Epoch 0 - VAL - Batch 950 - Loss = 0.317 | AUROC = 0.667
2025-09-17 11:37:29,548 - INFO - Epoch 0 - VAL - Batch 960 - Loss = 0.286 | AUROC = 0.75
2025-09-17 11:37:31,428 - INFO - Epoch 0 - VAL - Batch 970 - Loss = 0.22 | AUROC = 0.639
2025-09-17 11:37:33,263 - INFO - Epoch 0 - VAL - Batch 980 - Loss = 0.333 | AUROC = 0.444
2025-09-17 11:37:35,146 - INFO - Epoch 0 - VAL - Batch 990 - Loss = 0.373 | AUROC = 0.367
2025-09-17 11:37:37,103 - INFO - Epoch 0 - VAL - Batch 1000 - Loss = 0.456 | AUROC = 0.5
2025-09-17 11:37:38,726 - INFO - Epoch 0 - VAL - Batch 1010 - Loss = 0.321 | AUROC = 0.667
2025-09-17 11:37:40,416 - INFO - Epoch 0 - VAL - Batch 1020 - Loss = 0.251 | AUROC = 0.333
2025-09-17 11:37:42,354 - INFO - Epoch 0 - VAL - Batch 1030 - Loss = 0.34 | AUROC = 0.467
2025-09-17 11:37:44,260 - INFO - Epoch 0 - VAL - Batch 1040 - Loss = 0.263 | AUROC = 0.667
2025-09-17 11:37:45,695 - INFO - Epoch 0 - VAL - Batch 1050 - Loss = 0.304 | AUROC = 0.533
2025-09-17 11:37:47,122 - INFO - Epoch 0 - VAL - Batch 1060 - Loss = 0.307 | AUROC = 0.4
2025-09-17 11:37:48,867 - INFO - Epoch 0 - VAL - Batch 1070 - Loss = 0.39 | AUROC = 0.444
2025-09-17 11:37:50,801 - INFO - Epoch 0 - VAL - Batch 1080 - Loss = 0.319 | AUROC = 0.6
2025-09-17 11:37:52,746 - INFO - Epoch 0 - VAL - Batch 1090 - Loss = 0.367 | AUROC = 0.319
2025-09-17 11:37:54,678 - INFO - Epoch 0 - VAL - Batch 1100 - Loss = 0.186 | AUROC = 1.0
2025-09-17 11:37:56,645 - INFO - Epoch 0 - VAL - Batch 1110 - Loss = 0.167 | AUROC = 1.0
2025-09-17 11:37:58,572 - INFO - Epoch 0 - VAL - Batch 1120 - Loss = 0.304 | AUROC = 0.35
2025-09-17 11:38:00,554 - INFO - Epoch 0 - VAL - Batch 1130 - Loss = 0.372 | AUROC = 0.472
2025-09-17 11:38:02,473 - INFO - Epoch 0 - VAL - Batch 1140 - Loss = 0.384 | AUROC = 0.35
2025-09-17 11:38:04,383 - INFO - Epoch 0 - VAL - Batch 1150 - Loss = 0.259 | AUROC = 0.646
2025-09-17 11:38:06,047 - INFO - Epoch 0 - VAL - Batch 1160 - Loss = 0.308 | AUROC = 0.722
2025-09-17 11:38:07,923 - INFO - Epoch 0 - VAL - Batch 1170 - Loss = 0.415 | AUROC = 0.778
2025-09-17 11:38:09,795 - INFO - Epoch 0 - VAL - Batch 1180 - Loss = 0.308 | AUROC = 0.75
2025-09-17 11:38:11,706 - INFO - Epoch 0 - VAL - Batch 1190 - Loss = 0.322 | AUROC = 0.767
2025-09-17 11:38:13,599 - INFO - Epoch 0 - VAL - Batch 1200 - Loss = 0.351 | AUROC = 0.472
2025-09-17 11:38:15,526 - INFO - Epoch 0 - VAL - Batch 1210 - Loss = 0.256 | AUROC = 0.889
2025-09-17 11:38:17,484 - INFO - Epoch 0 - VAL - Batch 1220 - Loss = 0.279 | AUROC = 0.667
2025-09-17 11:38:19,397 - INFO - Epoch 0 - VAL - Batch 1230 - Loss = 0.304 | AUROC = 0.25
2025-09-17 11:38:21,386 - INFO - Epoch 0 - VAL - Batch 1240 - Loss = 0.266 | AUROC = 0.5
2025-09-17 11:38:23,321 - INFO - Epoch 0 - VAL - Batch 1250 - Loss = 0.297 | AUROC = 0.567
2025-09-17 11:38:25,271 - INFO - Epoch 0 - VAL - Batch 1260 - Loss = 0.217 | AUROC = 1.0
2025-09-17 11:38:26,947 - INFO - Epoch 0 - VAL - Batch 1270 - Loss = 0.339 | AUROC = 0.4
2025-09-17 11:38:28,870 - INFO - Epoch 0 - VAL - Batch 1280 - Loss = 0.366 | AUROC = 0.714
2025-09-17 11:38:30,789 - INFO - Epoch 0 - VAL - Batch 1290 - Loss = 0.341 | AUROC = 0.5
2025-09-17 11:38:32,677 - INFO - Epoch 0 - VAL - Batch 1300 - Loss = 0.35 | AUROC = 0.722
2025-09-17 11:38:34,417 - INFO - Epoch 0 - VAL - Batch 1310 - Loss = 0.32 | AUROC = 0.633
2025-09-17 11:38:36,253 - INFO - Epoch 0 - VAL - Batch 1320 - Loss = 0.466 | AUROC = 0.292
2025-09-17 11:38:38,148 - INFO - Epoch 0 - VAL - Batch 1330 - Loss = 0.315 | AUROC = 0.542
2025-09-17 11:38:40,127 - INFO - Epoch 0 - VAL - Batch 1340 - Loss = 0.206 | AUROC = 0.444
2025-09-17 11:38:42,081 - INFO - Epoch 0 - VAL - Batch 1350 - Loss = 0.272 | AUROC = 0.467
2025-09-17 11:38:44,007 - INFO - Epoch 0 - VAL - Batch 1360 - Loss = 0.242 | AUROC = 0.583
2025-09-17 11:38:45,915 - INFO - Epoch 0 - VAL - Batch 1370 - Loss = 0.371 | AUROC = 0.571
2025-09-17 11:38:47,840 - INFO - Epoch 0 - VAL - Batch 1380 - Loss = 0.301 | AUROC = 0.467
2025-09-17 11:38:49,753 - INFO - Epoch 0 - VAL - Batch 1390 - Loss = 0.255 | AUROC = 0.458
2025-09-17 11:38:51,690 - INFO - Epoch 0 - VAL - Batch 1400 - Loss = 0.26 | AUROC = 0.646
2025-09-17 11:38:53,603 - INFO - Epoch 0 - VAL - Batch 1410 - Loss = 0.359 | AUROC = 0.667
2025-09-17 11:38:55,535 - INFO - Epoch 0 - VAL - Batch 1420 - Loss = 0.269 | AUROC = 0.771
2025-09-17 11:38:57,482 - INFO - Epoch 0 - VAL - Batch 1430 - Loss = 0.373 | AUROC = 0.722
2025-09-17 11:38:59,434 - INFO - Epoch 0 - VAL - Batch 1440 - Loss = 0.244 | AUROC = 0.375
2025-09-17 11:39:01,337 - INFO - Epoch 0 - VAL - Batch 1450 - Loss = 0.216 | AUROC = 0.722
2025-09-17 11:39:03,250 - INFO - Epoch 0 - VAL - Batch 1460 - Loss = 0.294 | AUROC = 0.55
2025-09-17 11:39:04,701 - INFO - Epoch 0 - VAL - Batch 1470 - Loss = 0.231 | AUROC = 1.0
2025-09-17 11:39:06,609 - INFO - Epoch 0 - VAL - Batch 1480 - Loss = 0.212 | AUROC = 0.667
2025-09-17 11:39:08,590 - INFO - Epoch 0 - VAL - Batch 1490 - Loss = 0.32 | AUROC = 0.5
2025-09-17 11:39:10,498 - INFO - Epoch 0 - VAL - Batch 1500 - Loss = 0.41 | AUROC = 0.278
2025-09-17 11:39:12,439 - INFO - Epoch 0 - VAL - Batch 1510 - Loss = 0.241 | AUROC = 0.194
2025-09-17 11:39:14,372 - INFO - Epoch 0 - VAL - Batch 1520 - Loss = 0.306 | AUROC = 0.2
2025-09-17 11:39:16,258 - INFO - Epoch 0 - VAL - Batch 1530 - Loss = 0.399 | AUROC = 0.597
2025-09-17 11:39:17,717 - INFO - Epoch 0 - VAL - Batch 1540 - Loss = 0.344 | AUROC = 0.625
2025-09-17 11:39:19,467 - INFO - Epoch 0 - VAL - Batch 1550 - Loss = 0.272 | AUROC = 0.583
2025-09-17 11:39:21,135 - INFO - Epoch 0 - VAL - Batch 1560 - Loss = 0.265 | AUROC = 0.667
2025-09-17 11:39:22,801 - INFO - Epoch 0 - VAL - Batch 1570 - Loss = 0.277 | AUROC = 0.583
2025-09-17 11:39:24,684 - INFO - Epoch 0 - VAL - Batch 1580 - Loss = 0.254 | AUROC = 0.708
2025-09-17 11:39:26,633 - INFO - Epoch 0 - VAL - Batch 1590 - Loss = 0.25 | AUROC = 0.75
2025-09-17 11:39:28,593 - INFO - Epoch 0 - VAL - Batch 1600 - Loss = 0.346 | AUROC = 0.917
2025-09-17 11:39:30,529 - INFO - Epoch 0 - VAL - Batch 1610 - Loss = 0.229 | AUROC = 0.694
2025-09-17 11:39:32,510 - INFO - Epoch 0 - VAL - Batch 1620 - Loss = 0.305 | AUROC = 0.75
2025-09-17 11:39:34,481 - INFO - Epoch 0 - VAL - Batch 1630 - Loss = 0.237 | AUROC = 0.417
2025-09-17 11:39:36,394 - INFO - Epoch 0 - VAL - Batch 1640 - Loss = 0.299 | AUROC = 0.533
2025-09-17 11:39:37,947 - INFO - Epoch 0 - VAL - Batch 1650 - Loss = 0.33 | AUROC = 0.733
2025-09-17 11:39:39,817 - INFO - Epoch 0 - VAL - Batch 1660 - Loss = 0.263 | AUROC = 0.417
2025-09-17 11:39:41,798 - INFO - Epoch 0 - VAL - Batch 1670 - Loss = 0.396 | AUROC = 0.389
2025-09-17 11:39:43,755 - INFO - Epoch 0 - VAL - Batch 1680 - Loss = 0.36 | AUROC = 0.429
2025-09-17 11:39:45,643 - INFO - Epoch 0 - VAL - Batch 1690 - Loss = 0.311 | AUROC = 0.583
2025-09-17 11:39:47,330 - INFO - Epoch 0 - VAL - Batch 1700 - Loss = 0.2 | AUROC = 0.25
2025-09-17 11:39:49,207 - INFO - Epoch 0 - VAL - Batch 1710 - Loss = 0.38 | AUROC = 0.417
2025-09-17 11:39:51,161 - INFO - Epoch 0 - VAL - Batch 1720 - Loss = 0.341 | AUROC = 0.717
2025-09-17 11:39:53,116 - INFO - Epoch 0 - VAL - Batch 1730 - Loss = 0.367 | AUROC = 0.569
2025-09-17 11:39:54,993 - INFO - Epoch 0 - VAL - Batch 1740 - Loss = 0.212 | AUROC = 0.667
2025-09-17 11:39:56,727 - INFO - Epoch 0 - VAL - Batch 1750 - Loss = 0.339 | AUROC = 0.625
2025-09-17 11:39:58,607 - INFO - Epoch 0 - VAL - Batch 1760 - Loss = 0.307 | AUROC = 0.625
2025-09-17 11:40:00,542 - INFO - Epoch 0 - VAL - Batch 1770 - Loss = 0.283 | AUROC = 0.458
2025-09-17 11:40:02,478 - INFO - Epoch 0 - VAL - Batch 1780 - Loss = 0.418 | AUROC = 0.524
2025-09-17 11:40:04,390 - INFO - Epoch 0 - VAL - Batch 1790 - Loss = 0.249 | AUROC = 0.417
2025-09-17 11:40:06,042 - INFO - Epoch 0 - VAL - Batch 1800 - Loss = 0.431 | AUROC = 0.607
2025-09-17 11:40:07,785 - INFO - Epoch 0 - VAL - Batch 1810 - Loss = 0.542 | AUROC = 0.491
2025-09-17 11:40:09,250 - INFO - Epoch 0 - VAL - Batch 1820 - Loss = 0.307 | AUROC = 0.396
2025-09-17 11:40:10,700 - INFO - Epoch 0 - VAL - Batch 1830 - Loss = 0.306 | AUROC = 0.556
2025-09-17 11:40:12,099 - INFO - Epoch 0 - VAL - Batch 1840 - Loss = 0.233 | AUROC = 0.667
2025-09-17 11:40:13,812 - INFO - Epoch 0 - VAL - Batch 1850 - Loss = 0.223 | AUROC = 0.833
2025-09-17 11:40:15,748 - INFO - Epoch 0 - VAL - Batch 1860 - Loss = 0.415 | AUROC = 0.583
2025-09-17 11:40:17,683 - INFO - Epoch 0 - VAL - Batch 1870 - Loss = 0.294 | AUROC = 0.688
2025-09-17 11:40:19,618 - INFO - Epoch 0 - VAL - Batch 1880 - Loss = 0.309 | AUROC = 0.569
2025-09-17 11:40:21,575 - INFO - Epoch 0 - VAL - Batch 1890 - Loss = 0.303 | AUROC = 0.533
2025-09-17 11:40:23,542 - INFO - Epoch 0 - VAL - Batch 1900 - Loss = 0.301 | AUROC = 0.667
2025-09-17 11:40:25,555 - INFO - Epoch 0 - VAL - Batch 1910 - Loss = 0.357 | AUROC = 0.444
2025-09-17 11:40:27,525 - INFO - Epoch 0 - VAL - Batch 1920 - Loss = 0.283 | AUROC = 0.458
2025-09-17 11:40:29,602 - INFO - Epoch 0 - VAL - Batch 1930 - Loss = 0.321 | AUROC = 0.85
2025-09-17 11:40:31,700 - INFO - Epoch 0 - VAL - Batch 1940 - Loss = 0.278 | AUROC = 0.667
2025-09-17 11:40:33,682 - INFO - Epoch 0 - VAL - Batch 1950 - Loss = 0.366 | AUROC = 0.667
2025-09-17 11:40:35,630 - INFO - Epoch 0 - VAL - Batch 1960 - Loss = 0.225 | AUROC = 0.389
2025-09-17 11:40:37,556 - INFO - Epoch 0 - VAL - Batch 1970 - Loss = 0.213 | AUROC = 0.333
2025-09-17 11:40:39,501 - INFO - Epoch 0 - VAL - Batch 1980 - Loss = 0.398 | AUROC = 0.417
2025-09-17 11:40:41,409 - INFO - Epoch 0 - VAL - Batch 1990 - Loss = 0.266 | AUROC = 0.5
2025-09-17 11:40:43,350 - INFO - Epoch 0 - VAL - Batch 2000 - Loss = 0.311 | AUROC = 0.45
2025-09-17 11:40:45,272 - INFO - Epoch 0 - VAL - Batch 2010 - Loss = 0.336 | AUROC = 0.567
2025-09-17 11:40:47,243 - INFO - Epoch 0 - VAL - Batch 2020 - Loss = 0.295 | AUROC = 0.6
2025-09-17 11:40:49,137 - INFO - Epoch 0 - VAL - Batch 2030 - Loss = 0.477 | AUROC = 0.417
2025-09-17 11:40:51,104 - INFO - Epoch 0 - VAL - Batch 2040 - Loss = 0.331 | AUROC = 0.333
2025-09-17 11:40:53,003 - INFO - Epoch 0 - VAL - Batch 2050 - Loss = 0.24 | AUROC = 0.722
2025-09-17 11:40:54,904 - INFO - Epoch 0 - VAL - Batch 2060 - Loss = 0.372 | AUROC = 0.7
2025-09-17 11:40:56,870 - INFO - Epoch 0 - VAL - Batch 2070 - Loss = 0.244 | AUROC = 0.5
2025-09-17 11:40:57,004 - INFO - TRAIN phase
2025-09-17 11:40:57,573 - INFO - Epoch 1 - TRAIN - Batch 0 - Loss = 0.322 | AUROC = 0.395
2025-09-17 11:41:03,155 - INFO - Epoch 1 - TRAIN - Batch 10 - Loss = 0.238 | AUROC = 0.669
